<?xml version="1.0" encoding="UTF-8"?>
<!-- Generated by org.testng.reporters.JUnitReportReporter -->
<testsuite hostname="DESKTOP-SH04G3P" failures="0" tests="1" name="TestCase.TC001_Login_Buyer" time="15.546" errors="0" timestamp="2025-01-21T19:02:23 IST" skipped="0">
  <testcase classname="TestCase.TC001_Login_Buyer" name="Buyer_Login" time="15.546"/>
</testsuite> <!-- TestCase.TC001_Login_Buyer -->
