<?xml version="1.0" encoding="UTF-8"?>
<!-- Generated by org.testng.reporters.JUnitReportReporter -->
<testsuite hostname="DESKTOP-SH04G3P" failures="0" tests="1" name="TestCase.TC003_Login_Supplier" time="7.177" errors="0" timestamp="2025-01-21T17:48:42 IST" skipped="0">
  <testcase classname="TestCase.TC003_Login_Supplier" name="Supplier_Login" time="7.177"/>
</testsuite> <!-- TestCase.TC003_Login_Supplier -->
