<?xml version="1.0" encoding="UTF-8"?>
<!-- Generated by org.testng.reporters.JUnitReportReporter -->
<testsuite hostname="DESKTOP-SH04G3P" failures="0" tests="1" name="TestCase.TC001_Login" time="14.964" errors="0" timestamp="2025-01-17T13:16:00 IST" skipped="0">
  <testcase classname="TestCase.TC001_Login" name="Verify_Login" time="14.964"/>
</testsuite> <!-- TestCase.TC001_Login -->
