<?xml version="1.0" encoding="UTF-8"?>
<!-- Generated by org.testng.reporters.JUnitReportReporter -->
<testsuite hostname="DESKTOP-SH04G3P" failures="0" tests="1" name="TestCase.TC001_Login_Buyer" time="16.850" errors="0" timestamp="2025-02-03T16:45:46 IST" skipped="0">
  <testcase classname="TestCase.TC001_Login_Buyer" name="Buyer_Login" time="16.850"/>
</testsuite> <!-- TestCase.TC001_Login_Buyer -->
