<?xml version="1.0" encoding="UTF-8"?>
<!-- Generated by org.testng.reporters.JUnitReportReporter -->
<testsuite hostname="DESKTOP-SH04G3P" failures="0" tests="1" name="TestCase.TC004_Check_Enquiry" time="15.575" errors="0" timestamp="2025-01-27T23:22:41 IST" skipped="0">
  <testcase classname="TestCase.TC004_Check_Enquiry" name="View_enquiry" time="15.575"/>
</testsuite> <!-- TestCase.TC004_Check_Enquiry -->
