<?xml version="1.0" encoding="UTF-8"?>
<!-- Generated by org.testng.reporters.JUnitReportReporter -->
<testsuite hostname="DESKTOP-SH04G3P" failures="0" tests="1" name="TestCase.TC002_Add_Enquiry" time="31.632" errors="0" timestamp="2025-01-21T19:02:23 IST" skipped="0">
  <testcase classname="TestCase.TC002_Add_Enquiry" name="Add_enquiry" time="31.632"/>
</testsuite> <!-- TestCase.TC002_Add_Enquiry -->
