<?xml version="1.0" encoding="UTF-8"?>
<!-- Generated by org.testng.reporters.JUnitReportReporter -->
<testsuite hostname="DESKTOP-SH04G3P" failures="0" tests="1" name="TestCase.TC003_Login_Supplier" time="6.862" errors="0" timestamp="2025-01-17T17:31:54 IST" skipped="0">
  <testcase classname="TestCase.TC003_Login_Supplier" name="Supplier_Login" time="6.862"/>
</testsuite> <!-- TestCase.TC003_Login_Supplier -->
