<?xml version="1.0" encoding="UTF-8"?>
<!-- Generated by org.testng.reporters.JUnitReportReporter -->
<testsuite hostname="DESKTOP-SH04G3P" failures="0" tests="1" name="TestCase.TC005_BuyerCheckOffer" time="4.757" errors="0" timestamp="2025-01-27T23:22:41 IST" skipped="0">
  <testcase classname="TestCase.TC005_BuyerCheckOffer" name="View_Offer" time="4.757"/>
</testsuite> <!-- TestCase.TC005_BuyerCheckOffer -->
