<?xml version="1.0" encoding="UTF-8"?>
<!-- Generated by org.testng.reporters.JUnitReportReporter -->
<testsuite hostname="DESKTOP-SH04G3P" failures="0" tests="1" name="TestCase.TC004_Check_Enquiry" time="16.240" errors="0" timestamp="2025-01-21T19:02:23 IST" skipped="0">
  <testcase classname="TestCase.TC004_Check_Enquiry" name="View_enquiry" time="16.240"/>
</testsuite> <!-- TestCase.TC004_Check_Enquiry -->
