<?xml version="1.0" encoding="UTF-8"?>
<!-- Generated by org.testng.reporters.JUnitReportReporter -->
<testsuite hostname="DESKTOP-SH04G3P" failures="0" tests="1" name="TestCase.TC001_Login_Buyer" time="14.167" errors="0" timestamp="2025-01-17T17:31:54 IST" skipped="0">
  <testcase classname="TestCase.TC001_Login_Buyer" name="Buyer_Login" time="14.167"/>
</testsuite> <!-- TestCase.TC001_Login_Buyer -->
